{
  "stats": {
    "suites": 1,
    "tests": 2,
    "passes": 0,
    "pending": 0,
    "failures": 2,
    "start": "2021-04-01T16:57:42.007Z",
    "end": "2021-04-01T16:57:45.739Z",
    "duration": 3732,
    "testsRegistered": 2,
    "passPercent": 0,
    "pendingPercent": 0,
    "other": 0,
    "hasOther": false,
    "skipped": 0,
    "hasSkipped": false
  },
  "results": [
    {
      "uuid": "cf2c45be-db29-49fd-9132-20678180e0ae",
      "title": "",
      "fullFile": "cypress\\integration\\api\\home_page_spec.js",
      "file": "cypress\\integration\\api\\home_page_spec.js",
      "beforeHooks": [],
      "afterHooks": [],
      "tests": [],
      "suites": [
        {
          "uuid": "12306f61-66f2-43a5-8d5d-9e568d800e11",
          "title": "Results",
          "fullFile": "",
          "file": "",
          "beforeHooks": [],
          "afterHooks": [],
          "tests": [
            {
              "title": "gets results for the home page",
              "fullTitle": "Results gets results for the home page",
              "timedOut": null,
              "duration": 474,
              "state": "failed",
              "speed": null,
              "pass": false,
              "fail": true,
              "pending": false,
              "context": null,
              "code": "cy.request({\n  method: 'GET',\n  url: '/LoadTests/api/results',\n  headers: {\n    'Accept': 'application/json, text/plain, */*',\n    'Accept-Encoding': 'gzip,deflate',\n    'Accept-Language': 'en-US,en;q=0.9',\n    'Connection': 'keep-alive',\n    'Cookie': '_ga=GA1.2.1333942138.1597685257; optimizelyEndUserId=oeu1598406659852r0.8232592745782337; _fbp=fb.1.1598406660841.827915254; __volmet_last_visit=10%2f19%2f2020+10%3a05%3a21+PM; _hjid=a2290c23-8ed9-4c8c-a8a8-d9afe8d9435c; _uetvid=2c82c0d0168311ebb9eb5b5a27f3e4db; intercom-id-radn7w0h=fe24cf8e-e08e-482b-8724-b1a216992ef8',\n    'Host': 'dev-loadtest-01.paylocity.com',\n    'User-Agent': 'Mozilla/5.0 (Windows NT 10.0; Win64; x64) AppleWebKit/537.36 (KHTML, like Gecko) Chrome/86.0.4240.111 Safari/537.36'\n  }\n}).then(function (resp) {\n  expect(resp.status).to.eq(200);\n  expect(resp.headers).to.include({\n    'connection': 'keep-alive',\n    'content-type': 'text/html; charset=utf-8',\n    'persistent-auth': 'true',\n    'server': 'Kestrel',\n    'transfer-encoding': 'chunked',\n    'x-powered-by': 'ASP.NET'\n  });\n  expect(resp.body).to.include('<title>Stormbreaker - Load Testing Results</title>');\n});",
              "err": {
                "message": "CypressError: `cy.request()` failed on:\n\nhttps://dev-loadtest-01.paylocity.com/stormbreaker/LoadTests/api/results\n\nThe response we received from your web server was:\n\n  > 504: Gateway Timeout\n\nThis was considered a failure because the status code was not `2xx` or `3xx`.\n\nIf you do not want status codes to cause failures pass the option: `failOnStatusCode: false`\n\n-----------------------------------------------------------\n\nThe request we sent was:\n\nMethod: GET\nURL: https://dev-loadtest-01.paylocity.com/stormbreaker/LoadTests/api/results\nHeaders: {\n  \"Connection\": \"keep-alive\",\n  \"Accept-Encoding\": \"gzip,deflate\",\n  \"Accept-Language\": \"en-US,en;q=0.9\",\n  \"Cookie\": \"_ga=GA1.2.1333942138.1597685257; optimizelyEndUserId=oeu1598406659852r0.8232592745782337; _fbp=fb.1.1598406660841.827915254; __volmet_last_visit=10%2f19%2f2020+10%3a05%3a21+PM; _hjid=a2290c23-8ed9-4c8c-a8a8-d9afe8d9435c; _uetvid=2c82c0d0168311ebb9eb5b5a27f3e4db; intercom-id-radn7w0h=fe24cf8e-e08e-482b-8724-b1a216992ef8\",\n  \"Host\": \"dev-loadtest-01.paylocity.com\",\n  \"User-Agent\": \"Mozilla/5.0 (Windows NT 10.0; Win64; x64) AppleWebKit/537.36 (KHTML, like Gecko) Chrome/86.0.4240.111 Safari/537.36\",\n  \"accept\": \"application/json, text/plain, */*\"\n}\n\n-----------------------------------------------------------\n\nThe response we got was:\n\nStatus: 504 - Gateway Timeout\nHeaders: {\n  \"date\": \"Thu, 01 Apr 2021 16:57:43 GMT\",\n  \"connection\": \"keep-alive\",\n  \"transfer-encoding\": \"chunked\"\n}\nBody: PROXY_TO_SERVER_REQUEST_ERROR: Error: unable to verify the first certificate\n\n\nhttps://on.cypress.io/request",
                "estack": "CypressError: `cy.request()` failed on:\n\nhttps://dev-loadtest-01.paylocity.com/stormbreaker/LoadTests/api/results\n\nThe response we received from your web server was:\n\n  > 504: Gateway Timeout\n\nThis was considered a failure because the status code was not `2xx` or `3xx`.\n\nIf you do not want status codes to cause failures pass the option: `failOnStatusCode: false`\n\n-----------------------------------------------------------\n\nThe request we sent was:\n\nMethod: GET\nURL: https://dev-loadtest-01.paylocity.com/stormbreaker/LoadTests/api/results\nHeaders: {\n  \"Connection\": \"keep-alive\",\n  \"Accept-Encoding\": \"gzip,deflate\",\n  \"Accept-Language\": \"en-US,en;q=0.9\",\n  \"Cookie\": \"_ga=GA1.2.1333942138.1597685257; optimizelyEndUserId=oeu1598406659852r0.8232592745782337; _fbp=fb.1.1598406660841.827915254; __volmet_last_visit=10%2f19%2f2020+10%3a05%3a21+PM; _hjid=a2290c23-8ed9-4c8c-a8a8-d9afe8d9435c; _uetvid=2c82c0d0168311ebb9eb5b5a27f3e4db; intercom-id-radn7w0h=fe24cf8e-e08e-482b-8724-b1a216992ef8\",\n  \"Host\": \"dev-loadtest-01.paylocity.com\",\n  \"User-Agent\": \"Mozilla/5.0 (Windows NT 10.0; Win64; x64) AppleWebKit/537.36 (KHTML, like Gecko) Chrome/86.0.4240.111 Safari/537.36\",\n  \"accept\": \"application/json, text/plain, */*\"\n}\n\n-----------------------------------------------------------\n\nThe response we got was:\n\nStatus: 504 - Gateway Timeout\nHeaders: {\n  \"date\": \"Thu, 01 Apr 2021 16:57:43 GMT\",\n  \"connection\": \"keep-alive\",\n  \"transfer-encoding\": \"chunked\"\n}\nBody: PROXY_TO_SERVER_REQUEST_ERROR: Error: unable to verify the first certificate\n\n\nhttps://on.cypress.io/request\n    at https://dev-loadtest-01.paylocity.com/__cypress/runner/cypress_runner.js:159018:21\n    at tryCatcher (https://dev-loadtest-01.paylocity.com/__cypress/runner/cypress_runner.js:10584:23)\n    at Promise._settlePromiseFromHandler (https://dev-loadtest-01.paylocity.com/__cypress/runner/cypress_runner.js:8519:31)\n    at Promise._settlePromise (https://dev-loadtest-01.paylocity.com/__cypress/runner/cypress_runner.js:8576:18)\n    at Promise._settlePromise0 (https://dev-loadtest-01.paylocity.com/__cypress/runner/cypress_runner.js:8621:10)\n    at Promise._settlePromises (https://dev-loadtest-01.paylocity.com/__cypress/runner/cypress_runner.js:8701:18)\n    at _drainQueueStep (https://dev-loadtest-01.paylocity.com/__cypress/runner/cypress_runner.js:5291:12)\n    at _drainQueue (https://dev-loadtest-01.paylocity.com/__cypress/runner/cypress_runner.js:5284:9)\n    at Async.../../node_modules/bluebird/js/release/async.js.Async._drainQueues (https://dev-loadtest-01.paylocity.com/__cypress/runner/cypress_runner.js:5300:5)\n    at Async.drainQueues (https://dev-loadtest-01.paylocity.com/__cypress/runner/cypress_runner.js:5170:14)\nFrom Your Spec Code:\n    at Context.eval (https://dev-loadtest-01.paylocity.com/__cypress/tests?p=cypress\\integration\\api\\home_page_spec.js:104:8)",
                "diff": null
              },
              "uuid": "3f0ad0ac-3146-4b26-827d-7fd9779bbdd7",
              "parentUUID": "12306f61-66f2-43a5-8d5d-9e568d800e11",
              "isHook": false,
              "skipped": false
            },
            {
              "title": "gets loadmetrics landingpageonly",
              "fullTitle": "Results gets loadmetrics landingpageonly",
              "timedOut": null,
              "duration": 439,
              "state": "failed",
              "speed": null,
              "pass": false,
              "fail": true,
              "pending": false,
              "context": null,
              "code": "cy.request({\n  method: 'GET',\n  url: '/LoadTests/api/loadmetrics?landingPageOnly=true',\n  headers: {\n    'Accept': 'application/json, text/plain, */*',\n    'Accept-Language': 'en-US,en;q=0.9',\n    'Connection': 'keep-alive',\n    'Cookie': '_ga=GA1.2.1333942138.1597685257; optimizelyEndUserId=oeu1598406659852r0.8232592745782337; _fbp=fb.1.1598406660841.827915254; __volmet_last_visit=10%2f19%2f2020+10%3a05%3a21+PM; _hjid=a2290c23-8ed9-4c8c-a8a8-d9afe8d9435c; _uetvid=2c82c0d0168311ebb9eb5b5a27f3e4db; intercom-id-radn7w0h=fe24cf8e-e08e-482b-8724-b1a216992ef8',\n    'Host': 'dev-loadtest-01.paylocity.com',\n    'User-Agent': 'Mozilla/5.0 (Windows NT 10.0; Win64; x64) AppleWebKit/537.36 (KHTML, like Gecko) Chrome/86.0.4240.111 Safari/537.36' //'Authorization': `basic ${btoa(`${Cypress.env('username')}:${Cypress.env('password')}`)}`\n  }\n}).then(function (resp) {\n  expect(resp.status).to.eq(200);\n  expect(resp.headers).to.include({\n    'connection': 'keep-alive',\n    'content-type': 'text/html; charset=utf-8',\n    'persistent-auth': 'true',\n    'server': 'Kestrel',\n    'transfer-encoding': 'chunked',\n    'x-powered-by': 'ASP.NET'\n  });\n  expect(resp.body).to.include('<title>Stormbreaker - Load Testing Results</title>');\n});",
              "err": {
                "message": "CypressError: `cy.request()` failed on:\n\nhttps://dev-loadtest-01.paylocity.com/stormbreaker/LoadTests/api/loadmetrics?landingPageOnly=true\n\nThe response we received from your web server was:\n\n  > 504: Gateway Timeout\n\nThis was considered a failure because the status code was not `2xx` or `3xx`.\n\nIf you do not want status codes to cause failures pass the option: `failOnStatusCode: false`\n\n-----------------------------------------------------------\n\nThe request we sent was:\n\nMethod: GET\nURL: https://dev-loadtest-01.paylocity.com/stormbreaker/LoadTests/api/loadmetrics?landingPageOnly=true\nHeaders: {\n  \"Connection\": \"keep-alive\",\n  \"Accept-Language\": \"en-US,en;q=0.9\",\n  \"Cookie\": \"_ga=GA1.2.1333942138.1597685257; optimizelyEndUserId=oeu1598406659852r0.8232592745782337; _fbp=fb.1.1598406660841.827915254; __volmet_last_visit=10%2f19%2f2020+10%3a05%3a21+PM; _hjid=a2290c23-8ed9-4c8c-a8a8-d9afe8d9435c; _uetvid=2c82c0d0168311ebb9eb5b5a27f3e4db; intercom-id-radn7w0h=fe24cf8e-e08e-482b-8724-b1a216992ef8\",\n  \"Host\": \"dev-loadtest-01.paylocity.com\",\n  \"User-Agent\": \"Mozilla/5.0 (Windows NT 10.0; Win64; x64) AppleWebKit/537.36 (KHTML, like Gecko) Chrome/86.0.4240.111 Safari/537.36\",\n  \"accept\": \"application/json, text/plain, */*\",\n  \"accept-encoding\": \"gzip, deflate\"\n}\n\n-----------------------------------------------------------\n\nThe response we got was:\n\nStatus: 504 - Gateway Timeout\nHeaders: {\n  \"date\": \"Thu, 01 Apr 2021 16:57:45 GMT\",\n  \"connection\": \"keep-alive\",\n  \"transfer-encoding\": \"chunked\"\n}\nBody: PROXY_TO_SERVER_REQUEST_ERROR: Error: unable to verify the first certificate\n\n\nhttps://on.cypress.io/request",
                "estack": "CypressError: `cy.request()` failed on:\n\nhttps://dev-loadtest-01.paylocity.com/stormbreaker/LoadTests/api/loadmetrics?landingPageOnly=true\n\nThe response we received from your web server was:\n\n  > 504: Gateway Timeout\n\nThis was considered a failure because the status code was not `2xx` or `3xx`.\n\nIf you do not want status codes to cause failures pass the option: `failOnStatusCode: false`\n\n-----------------------------------------------------------\n\nThe request we sent was:\n\nMethod: GET\nURL: https://dev-loadtest-01.paylocity.com/stormbreaker/LoadTests/api/loadmetrics?landingPageOnly=true\nHeaders: {\n  \"Connection\": \"keep-alive\",\n  \"Accept-Language\": \"en-US,en;q=0.9\",\n  \"Cookie\": \"_ga=GA1.2.1333942138.1597685257; optimizelyEndUserId=oeu1598406659852r0.8232592745782337; _fbp=fb.1.1598406660841.827915254; __volmet_last_visit=10%2f19%2f2020+10%3a05%3a21+PM; _hjid=a2290c23-8ed9-4c8c-a8a8-d9afe8d9435c; _uetvid=2c82c0d0168311ebb9eb5b5a27f3e4db; intercom-id-radn7w0h=fe24cf8e-e08e-482b-8724-b1a216992ef8\",\n  \"Host\": \"dev-loadtest-01.paylocity.com\",\n  \"User-Agent\": \"Mozilla/5.0 (Windows NT 10.0; Win64; x64) AppleWebKit/537.36 (KHTML, like Gecko) Chrome/86.0.4240.111 Safari/537.36\",\n  \"accept\": \"application/json, text/plain, */*\",\n  \"accept-encoding\": \"gzip, deflate\"\n}\n\n-----------------------------------------------------------\n\nThe response we got was:\n\nStatus: 504 - Gateway Timeout\nHeaders: {\n  \"date\": \"Thu, 01 Apr 2021 16:57:45 GMT\",\n  \"connection\": \"keep-alive\",\n  \"transfer-encoding\": \"chunked\"\n}\nBody: PROXY_TO_SERVER_REQUEST_ERROR: Error: unable to verify the first certificate\n\n\nhttps://on.cypress.io/request\n    at https://dev-loadtest-01.paylocity.com/__cypress/runner/cypress_runner.js:159018:21\n    at tryCatcher (https://dev-loadtest-01.paylocity.com/__cypress/runner/cypress_runner.js:10584:23)\n    at Promise._settlePromiseFromHandler (https://dev-loadtest-01.paylocity.com/__cypress/runner/cypress_runner.js:8519:31)\n    at Promise._settlePromise (https://dev-loadtest-01.paylocity.com/__cypress/runner/cypress_runner.js:8576:18)\n    at Promise._settlePromise0 (https://dev-loadtest-01.paylocity.com/__cypress/runner/cypress_runner.js:8621:10)\n    at Promise._settlePromises (https://dev-loadtest-01.paylocity.com/__cypress/runner/cypress_runner.js:8701:18)\n    at _drainQueueStep (https://dev-loadtest-01.paylocity.com/__cypress/runner/cypress_runner.js:5291:12)\n    at _drainQueue (https://dev-loadtest-01.paylocity.com/__cypress/runner/cypress_runner.js:5284:9)\n    at Async.../../node_modules/bluebird/js/release/async.js.Async._drainQueues (https://dev-loadtest-01.paylocity.com/__cypress/runner/cypress_runner.js:5300:5)\n    at Async.drainQueues (https://dev-loadtest-01.paylocity.com/__cypress/runner/cypress_runner.js:5170:14)\nFrom Your Spec Code:\n    at Context.eval (https://dev-loadtest-01.paylocity.com/__cypress/tests?p=cypress\\integration\\api\\home_page_spec.js:130:8)",
                "diff": null
              },
              "uuid": "98dd3950-38f4-4e21-a7c6-1ddb50ff421e",
              "parentUUID": "12306f61-66f2-43a5-8d5d-9e568d800e11",
              "isHook": false,
              "skipped": false
            }
          ],
          "suites": [],
          "passes": [],
          "failures": [
            "3f0ad0ac-3146-4b26-827d-7fd9779bbdd7",
            "98dd3950-38f4-4e21-a7c6-1ddb50ff421e"
          ],
          "pending": [],
          "skipped": [],
          "duration": 913,
          "root": false,
          "rootEmpty": false,
          "_timeout": 2000
        }
      ],
      "passes": [],
      "failures": [],
      "pending": [],
      "skipped": [],
      "duration": 0,
      "root": true,
      "rootEmpty": true,
      "_timeout": 2000
    }
  ],
  "meta": {
    "mocha": {
      "version": "7.0.1"
    },
    "mochawesome": {
      "options": {
        "quiet": true,
        "reportFilename": "mochawesome",
        "saveHtml": true,
        "saveJson": true,
        "consoleReporter": "spec",
        "useInlineDiffs": false,
        "code": true
      },
      "version": "6.2.1"
    },
    "marge": {
      "options": {
        "id": "default",
        "reportDir": "cypress/reports/mocha",
        "quiet": true,
        "html": true,
        "json": true
      },
      "version": "5.1.0"
    }
  }
}